[1709618878.350][INFO]: Starting ChromeDriver 122.0.6261.94 (880dbf29479c6152d5e4f08dfd3a96b30f919e56-refs/branch-heads/6261@{#960}) on port 7950
[1709618878.350][INFO]: Please see https://chromedriver.chromium.org/security-considerations for suggestions on keeping ChromeDriver safe.
[1709618878.665][INFO]: [a0d46121e6120de87b18da060d34517d] COMMAND InitSession {
   "capabilities": {
      "firstMatch": [ {
         "browserName": "chrome",
         "goog:chromeOptions": {
            "args": [  ],
            "extensions": [  ]
         },
         "goog:loggingPrefs": {
            "browser": "ALL",
            "driver": "ALL"
         }
      } ]
   }
}
[1709618878.666][INFO]: Browser search. Trying... C:\Users\Saisandhiya\.cache\selenium\chromedriver\win64\122.0.6261.94\chrome.exe
[1709618878.666][INFO]: Browser search. Trying... C:\Users\Saisandhiya\.cache\selenium\chromedriver\win64\122.0.6261.94\chrome.exe
[1709618878.666][INFO]: Browser search. Trying... C:\Users\Saisandhiya\.cache\selenium\chromedriver\win64\122.0.6261.94\chromium.exe
[1709618878.670][INFO]: Browser search. Trying... C:\Users\Saisandhiya\AppData\Local\Google\Chrome\Application\chrome.exe
[1709618878.670][INFO]: Browser search. Trying... C:\Program Files\Google\Chrome\Application\chrome.exe
[1709618878.670][INFO]: Browser search. Found at  C:\Program Files\Google\Chrome\Application\chrome.exe
[1709618878.671][INFO]: Populating Preferences file: {
   "alternate_error_pages": {
      "enabled": false
   },
   "autofill": {
      "enabled": false
   },
   "browser": {
      "check_default_browser": false
   },
   "distribution": {
      "import_bookmarks": false,
      "import_history": false,
      "import_search_engine": false,
      "make_chrome_default_for_user": false,
      "skip_first_run_ui": true
   },
   "dns_prefetching": {
      "enabled": false
   },
   "profile": {
      "content_settings": {
         "pattern_pairs": {
            "https://*,*": {
               "media-stream": {
                  "audio": "Default",
                  "video": "Default"
               }
            }
         }
      },
      "default_content_setting_values": {
         "geolocation": 1
      },
      "default_content_settings": {
         "geolocation": 1,
         "mouselock": 1,
         "notifications": 1,
         "popups": 1,
         "ppapi-broker": 1
      },
      "password_manager_enabled": false
   },
   "safebrowsing": {
      "enabled": false
   },
   "search": {
      "suggest_enabled": false
   },
   "translate": {
      "enabled": false
   }
}
[1709618878.672][INFO]: Populating Local State file: {
   "background_mode": {
      "enabled": false
   },
   "ssl": {
      "rev_checking": {
         "enabled": false
      }
   }
}
[1709618878.673][INFO]: ChromeDriver supports communication with Chrome via pipes. This is more reliable and more secure.
[1709618878.673][INFO]: Use the --remote-debugging-pipe Chrome switch instead of the default --remote-debugging-port to enable this communication mode.
[1709618878.674][INFO]: Launching chrome: "C:\Program Files\Google\Chrome\Application\chrome.exe" --allow-pre-commit-input --disable-background-networking --disable-backgrounding-occluded-windows --disable-client-side-phishing-detection --disable-default-apps --disable-hang-monitor --disable-popup-blocking --disable-prompt-on-repost --disable-sync --enable-automation --enable-logging --log-level=0 --no-first-run --no-service-autorun --password-store=basic --remote-debugging-port=0 --test-type=webdriver --use-mock-keychain --user-data-dir="C:\Users\SAISAN~1\AppData\Local\Temp\scoped_dir16928_631322149" data:,
[1709618879.446][INFO]: resolved localhost to ["::1","127.0.0.1"]
[1709618879.514][INFO]: [a0d46121e6120de87b18da060d34517d] RESPONSE InitSession {
   "capabilities": {
      "acceptInsecureCerts": false,
      "browserName": "chrome",
      "browserVersion": "122.0.6261.95",
      "chrome": {
         "chromedriverVersion": "122.0.6261.94 (880dbf29479c6152d5e4f08dfd3a96b30f919e56-refs/branch-heads/6261@{#960})",
         "userDataDir": "C:\\Users\\SAISAN~1\\AppData\\Local\\Temp\\scoped_dir16928_631322149"
      },
      "fedcm:accounts": true,
      "goog:chromeOptions": {
         "debuggerAddress": "localhost:57455"
      },
      "networkConnectionEnabled": false,
      "pageLoadStrategy": "normal",
      "platformName": "windows",
      "proxy": {
      },
      "setWindowRect": true,
      "strictFileInteractability": false,
      "timeouts": {
         "implicit": 0,
         "pageLoad": 300000,
         "script": 30000
      },
      "unhandledPromptBehavior": "dismiss and notify",
      "webauthn:extension:credBlob": true,
      "webauthn:extension:largeBlob": true,
      "webauthn:extension:minPinLength": true,
      "webauthn:extension:prf": true,
      "webauthn:virtualAuthenticators": true
   },
   "sessionId": "a0d46121e6120de87b18da060d34517d"
}
[1709618879.753][INFO]: [a0d46121e6120de87b18da060d34517d] COMMAND MaximizeWindow {
}
[1709618879.753][INFO]: Waiting for pending navigations...
[1709618879.754][INFO]: Done waiting for pending navigations. Status: ok
[1709618879.873][INFO]: Waiting for pending navigations...
[1709618879.874][INFO]: Done waiting for pending navigations. Status: ok
[1709618879.874][INFO]: [a0d46121e6120de87b18da060d34517d] RESPONSE MaximizeWindow {
   "height": 832,
   "width": 1552,
   "x": -8,
   "y": -8
}
[1709618879.883][INFO]: [a0d46121e6120de87b18da060d34517d] COMMAND SetTimeouts {
   "implicit": 30000
}
[1709618879.883][INFO]: [a0d46121e6120de87b18da060d34517d] RESPONSE SetTimeouts
[1709618879.888][INFO]: [a0d46121e6120de87b18da060d34517d] COMMAND Navigate {
   "url": "https://www.makemytrip.com/ "
}
[1709618879.888][INFO]: Waiting for pending navigations...
[1709618879.889][INFO]: Done waiting for pending navigations. Status: ok
[1709618880.059][INFO]: Waiting for pending navigations...
[1709618882.218][INFO]: Done waiting for pending navigations. Status: ok
[1709618882.218][INFO]: [a0d46121e6120de87b18da060d34517d] RESPONSE Navigate
[1709618882.222][INFO]: [a0d46121e6120de87b18da060d34517d] COMMAND GetUrl {
}
[1709618882.222][INFO]: Waiting for pending navigations...
[1709618882.264][INFO]: Done waiting for pending navigations. Status: ok
[1709618882.313][INFO]: Waiting for pending navigations...
[1709618882.314][INFO]: Done waiting for pending navigations. Status: ok
[1709618882.314][INFO]: [a0d46121e6120de87b18da060d34517d] RESPONSE GetUrl "https://www.makemytrip.com/"
[1709618882.321][INFO]: [a0d46121e6120de87b18da060d34517d] COMMAND CloseWindow {
}
[1709618882.510][INFO]: [a0d46121e6120de87b18da060d34517d] RESPONSE CloseWindow [  ]
